mode: atomic
github.com/xmidt-org/argus/store/cassandra/db.go:88.115,90.53 2 0
github.com/xmidt-org/argus/store/cassandra/db.go:96.2,96.16 1 0
github.com/xmidt-org/argus/store/cassandra/db.go:99.2,100.44 1 0
github.com/xmidt-org/argus/store/cassandra/db.go:109.2,109.20 1 0
github.com/xmidt-org/argus/store/cassandra/db.go:90.53,92.17 2 0
github.com/xmidt-org/argus/store/cassandra/db.go:92.17,94.4 1 0
github.com/xmidt-org/argus/store/cassandra/db.go:96.16,98.3 1 0
github.com/xmidt-org/argus/store/cassandra/db.go:100.44,102.4 1 0
github.com/xmidt-org/argus/store/cassandra/db.go:103.47,107.4 3 0
github.com/xmidt-org/argus/store/cassandra/db.go:112.63,114.12 2 0
github.com/xmidt-org/argus/store/cassandra/db.go:119.2,119.15 1 0
github.com/xmidt-org/argus/store/cassandra/db.go:114.12,115.27 1 0
github.com/xmidt-org/argus/store/cassandra/db.go:115.27,117.4 1 0
github.com/xmidt-org/argus/store/cassandra/db.go:122.86,123.28 1 0
github.com/xmidt-org/argus/store/cassandra/db.go:127.2,136.77 7 0
github.com/xmidt-org/argus/store/cassandra/db.go:145.2,145.52 1 0
github.com/xmidt-org/argus/store/cassandra/db.go:152.2,156.73 3 0
github.com/xmidt-org/argus/store/cassandra/db.go:161.2,161.16 1 0
github.com/xmidt-org/argus/store/cassandra/db.go:165.2,169.8 1 0
github.com/xmidt-org/argus/store/cassandra/db.go:123.28,125.3 1 0
github.com/xmidt-org/argus/store/cassandra/db.go:136.77,143.3 1 0
github.com/xmidt-org/argus/store/cassandra/db.go:145.52,150.3 1 0
github.com/xmidt-org/argus/store/cassandra/db.go:156.73,160.3 3 0
github.com/xmidt-org/argus/store/cassandra/db.go:161.16,163.3 1 0
github.com/xmidt-org/argus/store/cassandra/db.go:172.68,174.16 2 0
github.com/xmidt-org/argus/store/cassandra/db.go:181.2,185.12 2 0
github.com/xmidt-org/argus/store/cassandra/db.go:174.16,180.3 2 0
github.com/xmidt-org/argus/store/cassandra/db.go:188.64,190.16 2 0
github.com/xmidt-org/argus/store/cassandra/db.go:204.2,208.18 2 0
github.com/xmidt-org/argus/store/cassandra/db.go:190.16,191.44 1 0
github.com/xmidt-org/argus/store/cassandra/db.go:202.3,202.40 1 0
github.com/xmidt-org/argus/store/cassandra/db.go:191.44,196.4 1 0
github.com/xmidt-org/argus/store/cassandra/db.go:196.9,201.4 1 0
github.com/xmidt-org/argus/store/cassandra/db.go:211.67,213.16 2 0
github.com/xmidt-org/argus/store/cassandra/db.go:227.2,231.18 2 0
github.com/xmidt-org/argus/store/cassandra/db.go:213.16,214.44 1 0
github.com/xmidt-org/argus/store/cassandra/db.go:225.3,225.40 1 0
github.com/xmidt-org/argus/store/cassandra/db.go:214.44,219.4 1 0
github.com/xmidt-org/argus/store/cassandra/db.go:219.9,224.4 1 0
github.com/xmidt-org/argus/store/cassandra/db.go:234.78,236.16 2 0
github.com/xmidt-org/argus/store/cassandra/db.go:243.2,247.18 2 0
github.com/xmidt-org/argus/store/cassandra/db.go:236.16,242.3 2 0
github.com/xmidt-org/argus/store/cassandra/db.go:250.26,252.2 1 0
github.com/xmidt-org/argus/store/cassandra/db.go:255.31,257.16 2 0
github.com/xmidt-org/argus/store/cassandra/db.go:264.2,268.12 2 0
github.com/xmidt-org/argus/store/cassandra/db.go:257.16,263.3 2 0
github.com/xmidt-org/argus/store/cassandra/db.go:271.37,274.38 2 0
github.com/xmidt-org/argus/store/cassandra/db.go:278.2,278.27 1 0
github.com/xmidt-org/argus/store/cassandra/db.go:281.2,281.27 1 0
github.com/xmidt-org/argus/store/cassandra/db.go:284.2,284.29 1 0
github.com/xmidt-org/argus/store/cassandra/db.go:287.2,287.33 1 0
github.com/xmidt-org/argus/store/cassandra/db.go:274.38,276.3 1 0
github.com/xmidt-org/argus/store/cassandra/db.go:278.27,280.3 1 0
github.com/xmidt-org/argus/store/cassandra/db.go:281.27,283.3 1 0
github.com/xmidt-org/argus/store/cassandra/db.go:284.29,286.3 1 0
github.com/xmidt-org/argus/store/cassandra/db.go:287.33,289.3 1 0
github.com/xmidt-org/argus/store/cassandra/executer.go:43.67,46.16 3 0
github.com/xmidt-org/argus/store/cassandra/executer.go:50.2,50.50 1 0
github.com/xmidt-org/argus/store/cassandra/executer.go:46.16,48.3 1 0
github.com/xmidt-org/argus/store/cassandra/executer.go:53.79,55.16 2 0
github.com/xmidt-org/argus/store/cassandra/executer.go:58.2,59.16 2 0
github.com/xmidt-org/argus/store/cassandra/executer.go:62.2,62.12 1 0
github.com/xmidt-org/argus/store/cassandra/executer.go:55.16,57.3 1 0
github.com/xmidt-org/argus/store/cassandra/executer.go:59.16,61.3 1 0
github.com/xmidt-org/argus/store/cassandra/executer.go:65.75,73.9 5 0
github.com/xmidt-org/argus/store/cassandra/executer.go:79.2,81.16 3 0
github.com/xmidt-org/argus/store/cassandra/executer.go:84.2,85.18 2 0
github.com/xmidt-org/argus/store/cassandra/executer.go:73.9,74.17 1 0
github.com/xmidt-org/argus/store/cassandra/executer.go:77.3,77.138 1 0
github.com/xmidt-org/argus/store/cassandra/executer.go:74.17,76.4 1 0
github.com/xmidt-org/argus/store/cassandra/executer.go:81.16,83.3 1 0
github.com/xmidt-org/argus/store/cassandra/executer.go:88.78,90.16 2 0
github.com/xmidt-org/argus/store/cassandra/executer.go:93.2,94.16 2 0
github.com/xmidt-org/argus/store/cassandra/executer.go:97.2,97.18 1 0
github.com/xmidt-org/argus/store/cassandra/executer.go:90.16,92.3 1 0
github.com/xmidt-org/argus/store/cassandra/executer.go:94.16,96.3 1 0
github.com/xmidt-org/argus/store/cassandra/executer.go:100.89,108.35 4 0
github.com/xmidt-org/argus/store/cassandra/executer.go:118.2,119.16 2 0
github.com/xmidt-org/argus/store/cassandra/executer.go:122.2,122.20 1 0
github.com/xmidt-org/argus/store/cassandra/executer.go:108.35,111.17 3 0
github.com/xmidt-org/argus/store/cassandra/executer.go:115.3,116.21 2 0
github.com/xmidt-org/argus/store/cassandra/executer.go:111.17,114.4 2 0
github.com/xmidt-org/argus/store/cassandra/executer.go:119.16,121.3 1 0
github.com/xmidt-org/argus/store/cassandra/executer.go:125.37,127.2 1 0
github.com/xmidt-org/argus/store/cassandra/executer.go:129.42,130.24 1 0
github.com/xmidt-org/argus/store/cassandra/executer.go:133.2,133.12 1 0
github.com/xmidt-org/argus/store/cassandra/executer.go:130.24,132.3 1 0
github.com/xmidt-org/argus/store/inmem/InMem.go:39.25,44.2 1 1
github.com/xmidt-org/argus/store/inmem/InMem.go:46.67,49.31 3 33
github.com/xmidt-org/argus/store/inmem/InMem.go:52.2,53.21 2 33
github.com/xmidt-org/argus/store/inmem/InMem.go:58.2,59.12 2 33
github.com/xmidt-org/argus/store/inmem/InMem.go:49.31,51.3 1 27
github.com/xmidt-org/argus/store/inmem/InMem.go:53.21,57.3 3 1
github.com/xmidt-org/argus/store/inmem/InMem.go:65.112,66.28 1 36
github.com/xmidt-org/argus/store/inmem/InMem.go:69.2,70.30 2 4
github.com/xmidt-org/argus/store/inmem/InMem.go:74.2,75.14 2 1
github.com/xmidt-org/argus/store/inmem/InMem.go:66.28,68.3 1 32
github.com/xmidt-org/argus/store/inmem/InMem.go:70.30,73.3 2 3
github.com/xmidt-org/argus/store/inmem/InMem.go:78.63,82.9 4 34
github.com/xmidt-org/argus/store/inmem/InMem.go:85.2,86.9 2 5
github.com/xmidt-org/argus/store/inmem/InMem.go:90.2,90.53 1 4
github.com/xmidt-org/argus/store/inmem/InMem.go:94.2,94.30 1 3
github.com/xmidt-org/argus/store/inmem/InMem.go:82.9,84.3 1 29
github.com/xmidt-org/argus/store/inmem/InMem.go:86.9,88.3 1 1
github.com/xmidt-org/argus/store/inmem/InMem.go:90.53,92.3 1 1
github.com/xmidt-org/argus/store/inmem/InMem.go:97.77,102.25 5 32
github.com/xmidt-org/argus/store/inmem/InMem.go:108.2,108.20 1 32
github.com/xmidt-org/argus/store/inmem/InMem.go:102.25,104.51 2 4
github.com/xmidt-org/argus/store/inmem/InMem.go:104.51,106.4 1 3
github.com/xmidt-org/argus/store/inmem/InMem.go:111.66,115.19 4 34
github.com/xmidt-org/argus/store/inmem/InMem.go:118.2,119.9 2 29
github.com/xmidt-org/argus/store/inmem/InMem.go:123.2,123.53 1 28
github.com/xmidt-org/argus/store/inmem/InMem.go:126.2,127.30 2 27
github.com/xmidt-org/argus/store/inmem/InMem.go:115.19,117.3 1 5
github.com/xmidt-org/argus/store/inmem/InMem.go:119.9,121.3 1 1
github.com/xmidt-org/argus/store/inmem/InMem.go:123.53,125.3 1 1
github.com/xmidt-org/argus/store/inmem/InMem.go:130.96,132.22 2 30
github.com/xmidt-org/argus/store/inmem/InMem.go:132.22,134.3 1 29
github.com/xmidt-org/argus/store/endpoint.go:29.48,30.77 1 4
github.com/xmidt-org/argus/store/endpoint.go:30.77,33.17 3 4
github.com/xmidt-org/argus/store/endpoint.go:36.3,36.79 1 3
github.com/xmidt-org/argus/store/endpoint.go:40.3,40.30 1 1
github.com/xmidt-org/argus/store/endpoint.go:33.17,35.4 1 1
github.com/xmidt-org/argus/store/endpoint.go:36.79,38.4 1 2
github.com/xmidt-org/argus/store/endpoint.go:44.51,45.77 1 5
github.com/xmidt-org/argus/store/endpoint.go:45.77,48.17 3 5
github.com/xmidt-org/argus/store/endpoint.go:52.3,52.80 1 4
github.com/xmidt-org/argus/store/endpoint.go:56.3,57.31 2 3
github.com/xmidt-org/argus/store/endpoint.go:60.3,60.30 1 2
github.com/xmidt-org/argus/store/endpoint.go:48.17,50.4 1 1
github.com/xmidt-org/argus/store/endpoint.go:52.80,54.4 1 1
github.com/xmidt-org/argus/store/endpoint.go:57.31,59.4 1 1
github.com/xmidt-org/argus/store/endpoint.go:64.52,65.77 1 5
github.com/xmidt-org/argus/store/endpoint.go:65.77,68.17 3 5
github.com/xmidt-org/argus/store/endpoint.go:71.3,71.57 1 4
github.com/xmidt-org/argus/store/endpoint.go:74.3,74.53 1 3
github.com/xmidt-org/argus/store/endpoint.go:68.17,70.4 1 1
github.com/xmidt-org/argus/store/endpoint.go:71.57,73.4 1 1
github.com/xmidt-org/argus/store/endpoint.go:78.48,79.77 1 5
github.com/xmidt-org/argus/store/endpoint.go:79.77,83.17 3 5
github.com/xmidt-org/argus/store/endpoint.go:94.3,94.91 1 3
github.com/xmidt-org/argus/store/endpoint.go:98.3,101.17 3 2
github.com/xmidt-org/argus/store/endpoint.go:105.3,107.9 1 1
github.com/xmidt-org/argus/store/endpoint.go:83.17,84.39 1 2
github.com/xmidt-org/argus/store/endpoint.go:91.4,91.19 1 1
github.com/xmidt-org/argus/store/endpoint.go:84.39,86.19 2 1
github.com/xmidt-org/argus/store/endpoint.go:89.5,89.35 1 1
github.com/xmidt-org/argus/store/endpoint.go:86.19,88.6 1 0
github.com/xmidt-org/argus/store/endpoint.go:94.91,96.4 1 1
github.com/xmidt-org/argus/store/endpoint.go:101.17,103.4 1 1
github.com/xmidt-org/argus/store/endpoint.go:111.74,113.2 1 10
github.com/xmidt-org/argus/store/errors.go:46.40,48.2 1 0
github.com/xmidt-org/argus/store/errors.go:50.40,52.2 1 0
github.com/xmidt-org/argus/store/errors.go:54.49,56.2 1 1
github.com/xmidt-org/argus/store/errors.go:58.42,60.2 1 1
github.com/xmidt-org/argus/store/errors.go:62.47,64.2 1 1
github.com/xmidt-org/argus/store/errors.go:70.41,72.2 1 0
github.com/xmidt-org/argus/store/errors.go:74.43,76.2 1 0
github.com/xmidt-org/argus/store/errors.go:82.45,84.2 1 0
github.com/xmidt-org/argus/store/errors.go:86.47,88.2 1 0
github.com/xmidt-org/argus/store/errors.go:94.45,95.48 1 0
github.com/xmidt-org/argus/store/errors.go:101.2,101.93 1 0
github.com/xmidt-org/argus/store/errors.go:95.48,97.3 1 0
github.com/xmidt-org/argus/store/errors.go:97.8,97.55 1 0
github.com/xmidt-org/argus/store/errors.go:97.55,100.3 1 0
github.com/xmidt-org/argus/store/errors.go:104.47,106.2 1 0
github.com/xmidt-org/argus/store/errors.go:113.40,115.2 1 0
github.com/xmidt-org/argus/store/errors.go:117.42,119.2 1 0
github.com/xmidt-org/argus/store/errors.go:130.44,132.2 1 0
github.com/xmidt-org/argus/store/errors.go:134.44,136.2 1 0
github.com/xmidt-org/argus/store/errors.go:145.49,147.2 1 0
github.com/xmidt-org/argus/store/errors.go:149.49,151.2 1 0
github.com/xmidt-org/argus/store/errors.go:159.37,160.16 1 0
github.com/xmidt-org/argus/store/errors.go:163.2,164.37 2 0
github.com/xmidt-org/argus/store/errors.go:167.2,167.51 1 0
github.com/xmidt-org/argus/store/errors.go:160.16,162.3 1 0
github.com/xmidt-org/argus/store/errors.go:164.37,166.3 1 0
github.com/xmidt-org/argus/store/handler.go:35.46,42.2 1 0
github.com/xmidt-org/argus/store/handler.go:44.49,51.2 1 0
github.com/xmidt-org/argus/store/handler.go:53.50,60.2 1 0
github.com/xmidt-org/argus/store/handler.go:62.46,69.2 1 0
github.com/xmidt-org/argus/store/inputValidation.go:33.62,35.50 2 5
github.com/xmidt-org/argus/store/inputValidation.go:35.50,37.3 1 2
github.com/xmidt-org/argus/store/inputValidation.go:42.72,44.2 1 29
github.com/xmidt-org/argus/store/inputValidation.go:50.74,52.2 1 24
github.com/xmidt-org/argus/store/inputValidation.go:56.71,58.2 1 20
github.com/xmidt-org/argus/store/inputValidation.go:62.97,63.52 1 18
github.com/xmidt-org/argus/store/inputValidation.go:67.2,67.54 1 16
github.com/xmidt-org/argus/store/inputValidation.go:71.2,71.51 1 14
github.com/xmidt-org/argus/store/inputValidation.go:75.2,75.12 1 12
github.com/xmidt-org/argus/store/inputValidation.go:63.52,65.3 1 2
github.com/xmidt-org/argus/store/inputValidation.go:67.54,69.3 1 2
github.com/xmidt-org/argus/store/inputValidation.go:71.51,73.3 1 2
github.com/xmidt-org/argus/store/inputValidation.go:86.65,87.54 1 8
github.com/xmidt-org/argus/store/inputValidation.go:91.2,91.26 1 8
github.com/xmidt-org/argus/store/inputValidation.go:95.2,95.51 1 7
github.com/xmidt-org/argus/store/inputValidation.go:99.2,101.23 2 6
github.com/xmidt-org/argus/store/inputValidation.go:105.2,107.57 2 5
github.com/xmidt-org/argus/store/inputValidation.go:111.2,111.12 1 4
github.com/xmidt-org/argus/store/inputValidation.go:87.54,89.3 1 0
github.com/xmidt-org/argus/store/inputValidation.go:91.26,93.3 1 1
github.com/xmidt-org/argus/store/inputValidation.go:95.51,97.3 1 1
github.com/xmidt-org/argus/store/inputValidation.go:101.23,103.3 1 1
github.com/xmidt-org/argus/store/inputValidation.go:107.57,109.3 1 1
github.com/xmidt-org/argus/store/inputValidation.go:116.66,118.2 1 9
github.com/xmidt-org/argus/store/inputValidation.go:120.86,121.29 1 14
github.com/xmidt-org/argus/store/inputValidation.go:125.2,125.25 1 12
github.com/xmidt-org/argus/store/inputValidation.go:135.2,135.13 1 8
github.com/xmidt-org/argus/store/inputValidation.go:121.29,123.3 1 2
github.com/xmidt-org/argus/store/inputValidation.go:125.25,127.17 2 20
github.com/xmidt-org/argus/store/inputValidation.go:130.3,130.61 1 5
github.com/xmidt-org/argus/store/inputValidation.go:127.17,128.12 1 15
github.com/xmidt-org/argus/store/inputValidation.go:130.61,132.4 1 4
github.com/xmidt-org/argus/store/provide.go:43.34,65.2 1 0
github.com/xmidt-org/argus/store/provide.go:72.57,75.53 1 0
github.com/xmidt-org/argus/store/provide.go:75.53,77.4 1 0
github.com/xmidt-org/argus/store/provide.go:94.73,97.23 2 4
github.com/xmidt-org/argus/store/provide.go:101.2,101.29 1 4
github.com/xmidt-org/argus/store/provide.go:105.2,112.20 3 4
github.com/xmidt-org/argus/store/provide.go:97.23,99.3 1 3
github.com/xmidt-org/argus/store/provide.go:101.29,103.3 1 3
github.com/xmidt-org/argus/store/provide.go:116.54,117.20 1 7
github.com/xmidt-org/argus/store/provide.go:120.2,120.21 1 2
github.com/xmidt-org/argus/store/provide.go:117.20,119.3 1 5
github.com/xmidt-org/argus/store/provide.go:123.110,126.16 3 4
github.com/xmidt-org/argus/store/provide.go:129.2,133.16 4 3
github.com/xmidt-org/argus/store/provide.go:136.2,139.12 3 2
github.com/xmidt-org/argus/store/provide.go:126.16,128.3 1 1
github.com/xmidt-org/argus/store/provide.go:133.16,135.3 1 1
github.com/xmidt-org/argus/store/store.go:47.85,49.26 2 6
github.com/xmidt-org/argus/store/store.go:54.2,54.24 1 6
github.com/xmidt-org/argus/store/store.go:49.26,50.23 1 15
github.com/xmidt-org/argus/store/store.go:50.23,52.4 1 7
github.com/xmidt-org/argus/store/transport.go:78.83,79.73 1 1
github.com/xmidt-org/argus/store/transport.go:79.73,84.55 2 3
github.com/xmidt-org/argus/store/transport.go:87.3,87.52 1 2
github.com/xmidt-org/argus/store/transport.go:91.3,95.9 1 2
github.com/xmidt-org/argus/store/transport.go:84.55,86.4 1 1
github.com/xmidt-org/argus/store/transport.go:87.52,89.4 1 0
github.com/xmidt-org/argus/store/transport.go:99.79,100.73 1 1
github.com/xmidt-org/argus/store/transport.go:100.73,108.76 2 12
github.com/xmidt-org/argus/store/transport.go:112.3,113.17 2 9
github.com/xmidt-org/argus/store/transport.go:117.3,119.60 2 9
github.com/xmidt-org/argus/store/transport.go:128.3,138.9 1 4
github.com/xmidt-org/argus/store/transport.go:108.76,110.4 1 3
github.com/xmidt-org/argus/store/transport.go:113.17,115.4 1 0
github.com/xmidt-org/argus/store/transport.go:119.60,122.40 2 5
github.com/xmidt-org/argus/store/transport.go:125.4,125.19 1 5
github.com/xmidt-org/argus/store/transport.go:122.40,124.5 1 1
github.com/xmidt-org/argus/store/transport.go:142.87,143.73 1 1
github.com/xmidt-org/argus/store/transport.go:143.73,151.76 2 6
github.com/xmidt-org/argus/store/transport.go:155.3,162.9 1 3
github.com/xmidt-org/argus/store/transport.go:151.76,153.4 1 3
github.com/xmidt-org/argus/store/transport.go:166.101,168.24 2 2
github.com/xmidt-org/argus/store/transport.go:173.2,173.12 1 2
github.com/xmidt-org/argus/store/transport.go:168.24,170.3 1 1
github.com/xmidt-org/argus/store/transport.go:170.8,172.3 1 1
github.com/xmidt-org/argus/store/transport.go:179.105,182.30 3 1
github.com/xmidt-org/argus/store/transport.go:186.2,186.45 1 1
github.com/xmidt-org/argus/store/transport.go:190.2,191.16 2 1
github.com/xmidt-org/argus/store/transport.go:195.2,197.12 3 1
github.com/xmidt-org/argus/store/transport.go:182.30,184.3 1 2
github.com/xmidt-org/argus/store/transport.go:186.45,188.3 1 1
github.com/xmidt-org/argus/store/transport.go:191.16,193.3 1 0
github.com/xmidt-org/argus/store/transport.go:200.109,204.16 3 1
github.com/xmidt-org/argus/store/transport.go:208.2,210.12 3 1
github.com/xmidt-org/argus/store/transport.go:204.16,206.3 1 0
github.com/xmidt-org/argus/store/transport.go:212.60,213.27 1 1
github.com/xmidt-org/argus/store/transport.go:213.27,214.28 1 1
github.com/xmidt-org/argus/store/transport.go:214.28,216.4 1 2
github.com/xmidt-org/argus/store/transport.go:220.73,222.31 2 2
github.com/xmidt-org/argus/store/transport.go:226.2,227.31 2 2
github.com/xmidt-org/argus/store/transport.go:231.2,233.34 3 2
github.com/xmidt-org/argus/store/transport.go:236.2,236.21 1 2
github.com/xmidt-org/argus/store/transport.go:222.31,224.3 1 1
github.com/xmidt-org/argus/store/transport.go:227.31,229.3 1 1
github.com/xmidt-org/argus/store/transport.go:233.34,235.3 1 1
github.com/xmidt-org/argus/store/transport.go:240.45,242.2 1 4
github.com/xmidt-org/argus/store/transport.go:244.82,246.9 2 14
github.com/xmidt-org/argus/store/transport.go:249.2,251.9 3 7
github.com/xmidt-org/argus/store/transport.go:254.2,255.9 2 6
github.com/xmidt-org/argus/store/transport.go:259.2,259.62 1 5
github.com/xmidt-org/argus/store/transport.go:246.9,248.3 1 7
github.com/xmidt-org/argus/store/transport.go:251.9,253.3 1 1
github.com/xmidt-org/argus/store/transport.go:255.9,257.3 1 1
github.com/xmidt-org/argus/chrysom/listenerClient.go:93.28,95.16 2 8
github.com/xmidt-org/argus/chrysom/listenerClient.go:98.2,98.21 1 6
github.com/xmidt-org/argus/chrysom/listenerClient.go:101.2,101.22 1 5
github.com/xmidt-org/argus/chrysom/listenerClient.go:106.2,106.14 1 5
github.com/xmidt-org/argus/chrysom/listenerClient.go:109.2,120.8 1 4
github.com/xmidt-org/argus/chrysom/listenerClient.go:95.16,97.3 1 2
github.com/xmidt-org/argus/chrysom/listenerClient.go:98.21,100.3 1 1
github.com/xmidt-org/argus/chrysom/listenerClient.go:101.22,102.71 1 5
github.com/xmidt-org/argus/chrysom/listenerClient.go:102.71,104.4 1 3
github.com/xmidt-org/argus/chrysom/listenerClient.go:106.14,108.3 1 1
github.com/xmidt-org/argus/chrysom/listenerClient.go:126.59,127.53 1 26
github.com/xmidt-org/argus/chrysom/listenerClient.go:131.2,131.30 1 26
github.com/xmidt-org/argus/chrysom/listenerClient.go:136.2,136.76 1 25
github.com/xmidt-org/argus/chrysom/listenerClient.go:141.2,142.12 2 9
github.com/xmidt-org/argus/chrysom/listenerClient.go:163.2,164.12 2 9
github.com/xmidt-org/argus/chrysom/listenerClient.go:127.53,130.3 2 0
github.com/xmidt-org/argus/chrysom/listenerClient.go:131.30,134.3 2 1
github.com/xmidt-org/argus/chrysom/listenerClient.go:136.76,139.3 2 16
github.com/xmidt-org/argus/chrysom/listenerClient.go:142.12,143.7 1 9
github.com/xmidt-org/argus/chrysom/listenerClient.go:143.7,144.11 1 12
github.com/xmidt-org/argus/chrysom/listenerClient.go:145.31,146.11 1 9
github.com/xmidt-org/argus/chrysom/listenerClient.go:147.31,151.19 4 3
github.com/xmidt-org/argus/chrysom/listenerClient.go:157.5,158.36 1 3
github.com/xmidt-org/argus/chrysom/listenerClient.go:151.19,153.6 1 0
github.com/xmidt-org/argus/chrysom/listenerClient.go:153.11,156.6 2 3
github.com/xmidt-org/argus/chrysom/listenerClient.go:170.58,171.51 1 25
github.com/xmidt-org/argus/chrysom/listenerClient.go:175.2,175.76 1 25
github.com/xmidt-org/argus/chrysom/listenerClient.go:180.2,183.12 4 9
github.com/xmidt-org/argus/chrysom/listenerClient.go:171.51,173.3 1 0
github.com/xmidt-org/argus/chrysom/listenerClient.go:175.76,178.3 2 16
github.com/xmidt-org/argus/chrysom/listenerClient.go:186.65,187.28 1 11
github.com/xmidt-org/argus/chrysom/listenerClient.go:190.2,190.26 1 8
github.com/xmidt-org/argus/chrysom/listenerClient.go:193.2,193.30 1 8
github.com/xmidt-org/argus/chrysom/listenerClient.go:196.2,196.12 1 8
github.com/xmidt-org/argus/chrysom/listenerClient.go:187.28,189.3 1 3
github.com/xmidt-org/argus/chrysom/listenerClient.go:190.26,192.3 1 1
github.com/xmidt-org/argus/chrysom/listenerClient.go:193.30,195.3 1 1
github.com/xmidt-org/argus/chrysom/metrics.go:43.33,53.2 1 0
github.com/xmidt-org/argus/chrysom/pushResult.go:31.37,32.11 1 0
github.com/xmidt-org/argus/chrysom/pushResult.go:40.2,40.18 1 0
github.com/xmidt-org/argus/chrysom/pushResult.go:33.21,34.12 1 0
github.com/xmidt-org/argus/chrysom/pushResult.go:35.25,36.19 1 0
github.com/xmidt-org/argus/chrysom/pushResult.go:37.25,38.14 1 0
github.com/xmidt-org/argus/chrysom/store.go:49.43,51.2 1 0
github.com/xmidt-org/argus/chrysom/basicClient.go:115.25,117.16 2 29
github.com/xmidt-org/argus/chrysom/basicClient.go:120.2,120.22 1 29
github.com/xmidt-org/argus/chrysom/basicClient.go:125.2,125.22 1 29
github.com/xmidt-org/argus/chrysom/basicClient.go:130.2,131.16 2 29
github.com/xmidt-org/argus/chrysom/basicClient.go:134.2,144.25 2 29
github.com/xmidt-org/argus/chrysom/basicClient.go:117.16,119.3 1 0
github.com/xmidt-org/argus/chrysom/basicClient.go:120.22,121.52 1 29
github.com/xmidt-org/argus/chrysom/basicClient.go:121.52,123.4 1 9
github.com/xmidt-org/argus/chrysom/basicClient.go:125.22,126.71 1 29
github.com/xmidt-org/argus/chrysom/basicClient.go:126.71,128.4 1 0
github.com/xmidt-org/argus/chrysom/basicClient.go:131.16,133.3 1 0
github.com/xmidt-org/argus/chrysom/basicClient.go:148.82,150.16 2 10
github.com/xmidt-org/argus/chrysom/basicClient.go:154.2,154.36 1 5
github.com/xmidt-org/argus/chrysom/basicClient.go:160.2,163.16 3 2
github.com/xmidt-org/argus/chrysom/basicClient.go:167.2,167.19 1 1
github.com/xmidt-org/argus/chrysom/basicClient.go:150.16,152.3 1 5
github.com/xmidt-org/argus/chrysom/basicClient.go:154.36,158.3 2 3
github.com/xmidt-org/argus/chrysom/basicClient.go:163.16,165.3 1 1
github.com/xmidt-org/argus/chrysom/basicClient.go:172.104,174.16 2 11
github.com/xmidt-org/argus/chrysom/basicClient.go:178.2,179.16 2 8
github.com/xmidt-org/argus/chrysom/basicClient.go:183.2,184.16 2 8
github.com/xmidt-org/argus/chrysom/basicClient.go:188.2,188.41 1 6
github.com/xmidt-org/argus/chrysom/basicClient.go:192.2,192.36 1 5
github.com/xmidt-org/argus/chrysom/basicClient.go:196.2,199.113 2 3
github.com/xmidt-org/argus/chrysom/basicClient.go:174.16,176.3 1 3
github.com/xmidt-org/argus/chrysom/basicClient.go:179.16,181.3 1 0
github.com/xmidt-org/argus/chrysom/basicClient.go:184.16,186.3 1 2
github.com/xmidt-org/argus/chrysom/basicClient.go:188.41,190.3 1 1
github.com/xmidt-org/argus/chrysom/basicClient.go:192.36,194.3 1 2
github.com/xmidt-org/argus/chrysom/basicClient.go:203.93,204.17 1 7
github.com/xmidt-org/argus/chrysom/basicClient.go:208.2,209.16 2 7
github.com/xmidt-org/argus/chrysom/basicClient.go:213.2,213.32 1 5
github.com/xmidt-org/argus/chrysom/basicClient.go:219.2,221.16 3 2
github.com/xmidt-org/argus/chrysom/basicClient.go:224.2,224.18 1 1
github.com/xmidt-org/argus/chrysom/basicClient.go:204.17,206.3 1 0
github.com/xmidt-org/argus/chrysom/basicClient.go:209.16,211.3 1 2
github.com/xmidt-org/argus/chrysom/basicClient.go:213.32,217.3 2 3
github.com/xmidt-org/argus/chrysom/basicClient.go:221.16,223.3 1 1
github.com/xmidt-org/argus/chrysom/basicClient.go:227.65,228.22 1 11
github.com/xmidt-org/argus/chrysom/basicClient.go:232.2,232.24 1 9
github.com/xmidt-org/argus/chrysom/basicClient.go:236.2,236.12 1 8
github.com/xmidt-org/argus/chrysom/basicClient.go:228.22,230.3 1 2
github.com/xmidt-org/argus/chrysom/basicClient.go:232.24,234.3 1 1
github.com/xmidt-org/argus/chrysom/basicClient.go:239.117,241.16 2 29
github.com/xmidt-org/argus/chrysom/basicClient.go:244.2,245.16 2 28
github.com/xmidt-org/argus/chrysom/basicClient.go:248.2,248.20 1 21
github.com/xmidt-org/argus/chrysom/basicClient.go:251.2,252.16 2 21
github.com/xmidt-org/argus/chrysom/basicClient.go:255.2,261.16 4 17
github.com/xmidt-org/argus/chrysom/basicClient.go:264.2,265.20 2 17
github.com/xmidt-org/argus/chrysom/basicClient.go:241.16,243.3 1 1
github.com/xmidt-org/argus/chrysom/basicClient.go:245.16,247.3 1 7
github.com/xmidt-org/argus/chrysom/basicClient.go:248.20,250.3 1 8
github.com/xmidt-org/argus/chrysom/basicClient.go:252.16,254.3 1 4
github.com/xmidt-org/argus/chrysom/basicClient.go:261.16,263.3 1 0
github.com/xmidt-org/argus/chrysom/basicClient.go:268.69,270.2 1 29
github.com/xmidt-org/argus/chrysom/basicClient.go:274.52,275.14 1 13
github.com/xmidt-org/argus/chrysom/basicClient.go:276.29,277.23 1 4
github.com/xmidt-org/argus/chrysom/basicClient.go:278.53,279.33 1 5
github.com/xmidt-org/argus/chrysom/basicClient.go:280.10,281.31 1 4
github.com/xmidt-org/argus/chrysom/basicClient.go:285.62,286.24 1 29
github.com/xmidt-org/argus/chrysom/basicClient.go:291.2,291.40 1 29
github.com/xmidt-org/argus/chrysom/basicClient.go:286.24,288.3 1 0
github.com/xmidt-org/argus/chrysom/basicClient.go:288.8,288.32 1 29
github.com/xmidt-org/argus/chrysom/basicClient.go:288.32,290.3 1 0
github.com/xmidt-org/argus/chrysom/basicClient.go:294.59,295.26 1 33
github.com/xmidt-org/argus/chrysom/basicClient.go:299.2,299.25 1 32
github.com/xmidt-org/argus/chrysom/basicClient.go:303.2,303.30 1 31
github.com/xmidt-org/argus/chrysom/basicClient.go:307.2,307.26 1 31
github.com/xmidt-org/argus/chrysom/basicClient.go:310.2,310.12 1 31
github.com/xmidt-org/argus/chrysom/basicClient.go:295.26,297.3 1 1
github.com/xmidt-org/argus/chrysom/basicClient.go:299.25,301.3 1 1
github.com/xmidt-org/argus/chrysom/basicClient.go:303.30,305.3 1 1
github.com/xmidt-org/argus/chrysom/basicClient.go:307.26,309.3 1 30
github.com/xmidt-org/argus/store/dynamodb/db.go:51.13,53.2 1 1
github.com/xmidt-org/argus/store/dynamodb/db.go:91.76,92.24 1 0
github.com/xmidt-org/argus/store/dynamodb/db.go:95.2,95.28 1 0
github.com/xmidt-org/argus/store/dynamodb/db.go:98.2,99.16 2 0
github.com/xmidt-org/argus/store/dynamodb/db.go:103.2,115.16 3 0
github.com/xmidt-org/argus/store/dynamodb/db.go:119.2,122.8 2 0
github.com/xmidt-org/argus/store/dynamodb/db.go:92.24,94.3 1 0
github.com/xmidt-org/argus/store/dynamodb/db.go:95.28,97.3 1 0
github.com/xmidt-org/argus/store/dynamodb/db.go:99.16,101.3 1 0
github.com/xmidt-org/argus/store/dynamodb/db.go:115.16,117.3 1 0
github.com/xmidt-org/argus/store/dynamodb/db.go:125.64,128.2 2 2
github.com/xmidt-org/argus/store/dynamodb/db.go:130.60,133.2 2 2
github.com/xmidt-org/argus/store/dynamodb/db.go:135.64,138.2 2 2
github.com/xmidt-org/argus/store/dynamodb/db.go:140.75,143.2 2 2
github.com/xmidt-org/argus/store/dynamodb/db.go:145.37,146.16 1 10
github.com/xmidt-org/argus/store/dynamodb/db.go:149.2,150.29 2 6
github.com/xmidt-org/argus/store/dynamodb/db.go:155.2,155.33 1 5
github.com/xmidt-org/argus/store/dynamodb/db.go:146.16,148.3 1 4
github.com/xmidt-org/argus/store/dynamodb/db.go:150.29,151.45 1 1
github.com/xmidt-org/argus/store/dynamodb/db.go:151.45,153.4 1 1
github.com/xmidt-org/argus/store/dynamodb/instrumenting.go:31.112,43.2 4 1
github.com/xmidt-org/argus/store/dynamodb/instrumenting.go:45.106,57.2 4 1
github.com/xmidt-org/argus/store/dynamodb/instrumenting.go:59.109,71.2 4 1
github.com/xmidt-org/argus/store/dynamodb/instrumenting.go:73.120,85.2 4 1
github.com/xmidt-org/argus/store/dynamodb/instrumenting.go:91.71,99.2 4 6
github.com/xmidt-org/argus/store/dynamodb/instrumenting.go:104.125,105.70 1 6
github.com/xmidt-org/argus/store/dynamodb/instrumenting.go:109.2,110.78 2 5
github.com/xmidt-org/argus/store/dynamodb/instrumenting.go:114.2,117.41 1 5
github.com/xmidt-org/argus/store/dynamodb/instrumenting.go:105.70,107.3 1 1
github.com/xmidt-org/argus/store/dynamodb/instrumenting.go:110.78,112.3 1 2
github.com/xmidt-org/argus/store/dynamodb/instrumenting.go:120.82,121.58 1 6
github.com/xmidt-org/argus/store/dynamodb/instrumenting.go:121.58,126.3 1 1
github.com/xmidt-org/argus/store/dynamodb/instrumenting.go:126.8,131.3 1 5
github.com/xmidt-org/argus/store/dynamodb/instrumenting.go:134.96,140.2 1 1
github.com/xmidt-org/argus/store/dynamodb/service.go:74.100,80.21 2 3
github.com/xmidt-org/argus/store/dynamodb/service.go:85.2,86.16 2 3
github.com/xmidt-org/argus/store/dynamodb/service.go:89.2,97.19 4 3
github.com/xmidt-org/argus/store/dynamodb/service.go:101.2,101.16 1 3
github.com/xmidt-org/argus/store/dynamodb/service.go:104.2,104.30 1 2
github.com/xmidt-org/argus/store/dynamodb/service.go:80.21,83.3 2 1
github.com/xmidt-org/argus/store/dynamodb/service.go:86.16,88.3 1 0
github.com/xmidt-org/argus/store/dynamodb/service.go:97.19,99.3 1 2
github.com/xmidt-org/argus/store/dynamodb/service.go:101.16,103.3 1 1
github.com/xmidt-org/argus/store/dynamodb/service.go:106.140,107.12 1 8
github.com/xmidt-org/argus/store/dynamodb/service.go:127.2,140.16 3 4
github.com/xmidt-org/argus/store/dynamodb/service.go:143.2,143.56 1 3
github.com/xmidt-org/argus/store/dynamodb/service.go:107.12,122.17 3 4
github.com/xmidt-org/argus/store/dynamodb/service.go:125.3,125.69 1 3
github.com/xmidt-org/argus/store/dynamodb/service.go:122.17,124.4 1 1
github.com/xmidt-org/argus/store/dynamodb/service.go:140.16,142.3 1 1
github.com/xmidt-org/argus/store/dynamodb/service.go:145.115,147.16 2 8
github.com/xmidt-org/argus/store/dynamodb/service.go:150.2,152.16 3 6
github.com/xmidt-org/argus/store/dynamodb/service.go:156.2,156.24 1 6
github.com/xmidt-org/argus/store/dynamodb/service.go:160.2,160.25 1 4
github.com/xmidt-org/argus/store/dynamodb/service.go:170.2,172.48 2 2
github.com/xmidt-org/argus/store/dynamodb/service.go:147.16,149.3 1 2
github.com/xmidt-org/argus/store/dynamodb/service.go:152.16,154.3 1 0
github.com/xmidt-org/argus/store/dynamodb/service.go:156.24,158.3 1 2
github.com/xmidt-org/argus/store/dynamodb/service.go:160.25,164.30 3 4
github.com/xmidt-org/argus/store/dynamodb/service.go:167.3,167.34 1 2
github.com/xmidt-org/argus/store/dynamodb/service.go:164.30,166.4 1 2
github.com/xmidt-org/argus/store/dynamodb/service.go:176.94,178.2 1 4
github.com/xmidt-org/argus/store/dynamodb/service.go:180.97,182.2 1 4
github.com/xmidt-org/argus/store/dynamodb/service.go:185.108,203.24 4 3
github.com/xmidt-org/argus/store/dynamodb/service.go:206.2,206.16 1 3
github.com/xmidt-org/argus/store/dynamodb/service.go:210.2,210.38 1 2
github.com/xmidt-org/argus/store/dynamodb/service.go:232.2,232.38 1 2
github.com/xmidt-org/argus/store/dynamodb/service.go:203.24,205.3 1 2
github.com/xmidt-org/argus/store/dynamodb/service.go:206.16,208.3 1 1
github.com/xmidt-org/argus/store/dynamodb/service.go:210.38,213.17 3 7
github.com/xmidt-org/argus/store/dynamodb/service.go:216.3,216.25 1 7
github.com/xmidt-org/argus/store/dynamodb/service.go:220.3,220.26 1 5
github.com/xmidt-org/argus/store/dynamodb/service.go:228.3,230.41 2 4
github.com/xmidt-org/argus/store/dynamodb/service.go:213.17,214.12 1 0
github.com/xmidt-org/argus/store/dynamodb/service.go:216.25,217.12 1 2
github.com/xmidt-org/argus/store/dynamodb/service.go:220.26,223.31 3 3
github.com/xmidt-org/argus/store/dynamodb/service.go:226.4,226.35 1 2
github.com/xmidt-org/argus/store/dynamodb/service.go:223.31,224.13 1 1
github.com/xmidt-org/argus/store/dynamodb/service.go:235.44,237.2 1 13
github.com/xmidt-org/argus/store/dynamodb/service.go:239.90,246.16 2 0
github.com/xmidt-org/argus/store/dynamodb/service.go:250.2,254.8 1 0
github.com/xmidt-org/argus/store/dynamodb/service.go:246.16,248.3 1 0
